{"/home/l/projects/lilonga/packages/zeit/zeit-api-client/src/index.js": {"path":"/home/l/projects/lilonga/packages/zeit/zeit-api-client/src/index.js","statementMap":{"0":{"start":{"line":2,"column":20},"end":{"line":9,"column":1}},"1":{"start":{"line":3,"column":18},"end":{"line":6,"column":12}},"2":{"start":{"line":4,"column":15},"end":{"line":4,"column":21}},"3":{"start":{"line":5,"column":12},"end":{"line":5,"column":28}},"4":{"start":{"line":8,"column":1},"end":{"line":8,"column":39}},"5":{"start":{"line":22,"column":2},"end":{"line":22,"column":29}},"6":{"start":{"line":23,"column":2},"end":{"line":28,"column":5}},"7":{"start":{"line":41,"column":23},"end":{"line":41,"column":34}},"8":{"start":{"line":42,"column":14},"end":{"line":42,"column":49}},"9":{"start":{"line":43,"column":2},"end":{"line":43,"column":23}},"10":{"start":{"line":79,"column":23},"end":{"line":79,"column":45}},"11":{"start":{"line":80,"column":14},"end":{"line":80,"column":56}},"12":{"start":{"line":81,"column":2},"end":{"line":81,"column":18}},"13":{"start":{"line":99,"column":19},"end":{"line":99,"column":37}},"14":{"start":{"line":100,"column":23},"end":{"line":100,"column":55}},"15":{"start":{"line":101,"column":14},"end":{"line":101,"column":49}},"16":{"start":{"line":102,"column":2},"end":{"line":102,"column":30}},"17":{"start":{"line":113,"column":23},"end":{"line":113,"column":60}},"18":{"start":{"line":114,"column":14},"end":{"line":114,"column":49}},"19":{"start":{"line":115,"column":2},"end":{"line":115,"column":18}},"20":{"start":{"line":126,"column":23},"end":{"line":126,"column":66}},"21":{"start":{"line":127,"column":14},"end":{"line":127,"column":49}},"22":{"start":{"line":128,"column":2},"end":{"line":128,"column":18}},"23":{"start":{"line":131,"column":23},"end":{"line":131,"column":87}},"24":{"start":{"line":132,"column":14},"end":{"line":132,"column":55}},"25":{"start":{"line":133,"column":2},"end":{"line":139,"column":3}},"26":{"start":{"line":134,"column":3},"end":{"line":138,"column":5}},"27":{"start":{"line":140,"column":2},"end":{"line":140,"column":26}},"28":{"start":{"line":151,"column":23},"end":{"line":151,"column":60}},"29":{"start":{"line":152,"column":14},"end":{"line":152,"column":52}},"30":{"start":{"line":153,"column":2},"end":{"line":153,"column":18}},"31":{"start":{"line":165,"column":23},"end":{"line":165,"column":67}},"32":{"start":{"line":166,"column":14},"end":{"line":166,"column":49}},"33":{"start":{"line":167,"column":2},"end":{"line":167,"column":18}},"34":{"start":{"line":181,"column":2},"end":{"line":181,"column":27}},"35":{"start":{"line":198,"column":19},"end":{"line":198,"column":37}},"36":{"start":{"line":199,"column":23},"end":{"line":199,"column":55}},"37":{"start":{"line":200,"column":26},"end":{"line":202,"column":4}},"38":{"start":{"line":203,"column":2},"end":{"line":203,"column":21}},"39":{"start":{"line":222,"column":19},"end":{"line":222,"column":37}},"40":{"start":{"line":223,"column":23},"end":{"line":223,"column":50}},"41":{"start":{"line":224,"column":2},"end":{"line":224,"column":74}},"42":{"start":{"line":243,"column":19},"end":{"line":243,"column":37}},"43":{"start":{"line":244,"column":23},"end":{"line":244,"column":67}},"44":{"start":{"line":245,"column":2},"end":{"line":245,"column":74}},"45":{"start":{"line":266,"column":19},"end":{"line":266,"column":37}},"46":{"start":{"line":267,"column":23},"end":{"line":267,"column":87}},"47":{"start":{"line":268,"column":14},"end":{"line":268,"column":55}},"48":{"start":{"line":269,"column":2},"end":{"line":275,"column":3}},"49":{"start":{"line":270,"column":3},"end":{"line":274,"column":5}},"50":{"start":{"line":277,"column":2},"end":{"line":277,"column":26}},"51":{"start":{"line":303,"column":17},"end":{"line":303,"column":38}},"52":{"start":{"line":304,"column":2},"end":{"line":307,"column":5}}},"fnMap":{"0":{"name":"(anonymous_0)","decl":{"start":{"line":2,"column":20},"end":{"line":2,"column":21}},"loc":{"start":{"line":2,"column":27},"end":{"line":9,"column":1}},"line":2},"1":{"name":"(anonymous_1)","decl":{"start":{"line":4,"column":10},"end":{"line":4,"column":11}},"loc":{"start":{"line":4,"column":15},"end":{"line":4,"column":21}},"line":4},"2":{"name":"(anonymous_2)","decl":{"start":{"line":5,"column":7},"end":{"line":5,"column":8}},"loc":{"start":{"line":5,"column":12},"end":{"line":5,"column":28}},"line":5},"3":{"name":"(anonymous_3)","decl":{"start":{"line":21,"column":1},"end":{"line":21,"column":2}},"loc":{"start":{"line":21,"column":22},"end":{"line":29,"column":2}},"line":21},"4":{"name":"(anonymous_4)","decl":{"start":{"line":40,"column":1},"end":{"line":40,"column":2}},"loc":{"start":{"line":40,"column":17},"end":{"line":44,"column":2}},"line":40},"5":{"name":"(anonymous_5)","decl":{"start":{"line":78,"column":1},"end":{"line":78,"column":2}},"loc":{"start":{"line":78,"column":30},"end":{"line":82,"column":2}},"line":78},"6":{"name":"(anonymous_6)","decl":{"start":{"line":98,"column":1},"end":{"line":98,"column":2}},"loc":{"start":{"line":98,"column":29},"end":{"line":103,"column":2}},"line":98},"7":{"name":"(anonymous_7)","decl":{"start":{"line":112,"column":1},"end":{"line":112,"column":2}},"loc":{"start":{"line":112,"column":39},"end":{"line":116,"column":2}},"line":112},"8":{"name":"(anonymous_8)","decl":{"start":{"line":125,"column":1},"end":{"line":125,"column":2}},"loc":{"start":{"line":125,"column":44},"end":{"line":129,"column":2}},"line":125},"9":{"name":"(anonymous_9)","decl":{"start":{"line":130,"column":1},"end":{"line":130,"column":2}},"loc":{"start":{"line":130,"column":47},"end":{"line":141,"column":2}},"line":130},"10":{"name":"(anonymous_10)","decl":{"start":{"line":150,"column":1},"end":{"line":150,"column":2}},"loc":{"start":{"line":150,"column":38},"end":{"line":154,"column":2}},"line":150},"11":{"name":"(anonymous_11)","decl":{"start":{"line":164,"column":1},"end":{"line":164,"column":2}},"loc":{"start":{"line":164,"column":29},"end":{"line":168,"column":2}},"line":164},"12":{"name":"(anonymous_12)","decl":{"start":{"line":180,"column":1},"end":{"line":180,"column":2}},"loc":{"start":{"line":180,"column":25},"end":{"line":182,"column":2}},"line":180},"13":{"name":"(anonymous_13)","decl":{"start":{"line":197,"column":1},"end":{"line":197,"column":2}},"loc":{"start":{"line":197,"column":43},"end":{"line":204,"column":2}},"line":197},"14":{"name":"(anonymous_14)","decl":{"start":{"line":221,"column":1},"end":{"line":221,"column":2}},"loc":{"start":{"line":221,"column":46},"end":{"line":225,"column":2}},"line":221},"15":{"name":"(anonymous_15)","decl":{"start":{"line":242,"column":1},"end":{"line":242,"column":2}},"loc":{"start":{"line":242,"column":51},"end":{"line":246,"column":2}},"line":242},"16":{"name":"(anonymous_16)","decl":{"start":{"line":265,"column":1},"end":{"line":265,"column":2}},"loc":{"start":{"line":265,"column":68},"end":{"line":278,"column":2}},"line":265},"17":{"name":"(anonymous_17)","decl":{"start":{"line":302,"column":1},"end":{"line":302,"column":2}},"loc":{"start":{"line":302,"column":30},"end":{"line":308,"column":2}},"line":302}},"branchMap":{"0":{"loc":{"start":{"line":8,"column":8},"end":{"line":8,"column":38}},"type":"cond-expr","locations":[{"start":{"line":8,"column":19},"end":{"line":8,"column":33}},{"start":{"line":8,"column":36},"end":{"line":8,"column":38}}],"line":8},"1":{"loc":{"start":{"line":133,"column":2},"end":{"line":139,"column":3}},"type":"if","locations":[{"start":{"line":133,"column":2},"end":{"line":139,"column":3}},{"start":{"line":133,"column":2},"end":{"line":139,"column":3}}],"line":133},"2":{"loc":{"start":{"line":197,"column":22},"end":{"line":197,"column":41}},"type":"default-arg","locations":[{"start":{"line":197,"column":39},"end":{"line":197,"column":41}}],"line":197},"3":{"loc":{"start":{"line":197,"column":24},"end":{"line":197,"column":34}},"type":"default-arg","locations":[{"start":{"line":197,"column":32},"end":{"line":197,"column":34}}],"line":197},"4":{"loc":{"start":{"line":221,"column":25},"end":{"line":221,"column":44}},"type":"default-arg","locations":[{"start":{"line":221,"column":42},"end":{"line":221,"column":44}}],"line":221},"5":{"loc":{"start":{"line":221,"column":27},"end":{"line":221,"column":37}},"type":"default-arg","locations":[{"start":{"line":221,"column":35},"end":{"line":221,"column":37}}],"line":221},"6":{"loc":{"start":{"line":242,"column":30},"end":{"line":242,"column":49}},"type":"default-arg","locations":[{"start":{"line":242,"column":47},"end":{"line":242,"column":49}}],"line":242},"7":{"loc":{"start":{"line":242,"column":32},"end":{"line":242,"column":42}},"type":"default-arg","locations":[{"start":{"line":242,"column":40},"end":{"line":242,"column":42}}],"line":242},"8":{"loc":{"start":{"line":265,"column":47},"end":{"line":265,"column":66}},"type":"default-arg","locations":[{"start":{"line":265,"column":64},"end":{"line":265,"column":66}}],"line":265},"9":{"loc":{"start":{"line":265,"column":49},"end":{"line":265,"column":59}},"type":"default-arg","locations":[{"start":{"line":265,"column":57},"end":{"line":265,"column":59}}],"line":265},"10":{"loc":{"start":{"line":269,"column":2},"end":{"line":275,"column":3}},"type":"if","locations":[{"start":{"line":269,"column":2},"end":{"line":275,"column":3}},{"start":{"line":269,"column":2},"end":{"line":275,"column":3}}],"line":269}},"s":{"0":1,"1":1,"2":1,"3":1,"4":1,"5":1,"6":1,"7":1,"8":1,"9":1,"10":2,"11":2,"12":2,"13":1,"14":1,"15":1,"16":1,"17":1,"18":1,"19":1,"20":1,"21":1,"22":1,"23":0,"24":0,"25":0,"26":0,"27":0,"28":1,"29":1,"30":1,"31":1,"32":1,"33":1,"34":0,"35":0,"36":0,"37":0,"38":0,"39":0,"40":0,"41":0,"42":0,"43":0,"44":0,"45":0,"46":0,"47":0,"48":0,"49":0,"50":0,"51":0,"52":0},"f":{"0":1,"1":1,"2":1,"3":1,"4":1,"5":2,"6":1,"7":1,"8":1,"9":0,"10":1,"11":1,"12":0,"13":0,"14":0,"15":0,"16":0,"17":0},"b":{"0":[1,0],"1":[0,0],"2":[0],"3":[0],"4":[0],"5":[0],"6":[0],"7":[0],"8":[0],"9":[0],"10":[0,0]},"_coverageSchema":"43e27e138ebf9cfc5966b082cf9a028302ed4184","hash":"4299e71fe519d42f269918bb6f068f798d63fadb"}
}
