TN:
SF:/home/l/projects/lilonga/packages/zeit/zeit-api-client/src/index.js
FN:2,(anonymous_0)
FN:4,(anonymous_1)
FN:5,(anonymous_2)
FN:21,(anonymous_3)
FN:40,(anonymous_4)
FN:78,(anonymous_5)
FN:98,(anonymous_6)
FN:112,(anonymous_7)
FN:125,(anonymous_8)
FN:130,(anonymous_9)
FN:150,(anonymous_10)
FN:164,(anonymous_11)
FN:180,(anonymous_12)
FN:197,(anonymous_13)
FN:221,(anonymous_14)
FN:242,(anonymous_15)
FN:265,(anonymous_16)
FN:302,(anonymous_17)
FNF:18
FNH:11
FNDA:1,(anonymous_0)
FNDA:1,(anonymous_1)
FNDA:1,(anonymous_2)
FNDA:1,(anonymous_3)
FNDA:1,(anonymous_4)
FNDA:2,(anonymous_5)
FNDA:1,(anonymous_6)
FNDA:1,(anonymous_7)
FNDA:1,(anonymous_8)
FNDA:0,(anonymous_9)
FNDA:1,(anonymous_10)
FNDA:1,(anonymous_11)
FNDA:0,(anonymous_12)
FNDA:0,(anonymous_13)
FNDA:0,(anonymous_14)
FNDA:0,(anonymous_15)
FNDA:0,(anonymous_16)
FNDA:0,(anonymous_17)
DA:2,1
DA:3,1
DA:4,1
DA:5,1
DA:8,1
DA:22,1
DA:23,1
DA:41,1
DA:42,1
DA:43,1
DA:79,2
DA:80,2
DA:81,2
DA:99,1
DA:100,1
DA:101,1
DA:102,1
DA:113,1
DA:114,1
DA:115,1
DA:126,1
DA:127,1
DA:128,1
DA:131,0
DA:132,0
DA:133,0
DA:134,0
DA:140,0
DA:151,1
DA:152,1
DA:153,1
DA:165,1
DA:166,1
DA:167,1
DA:181,0
DA:198,0
DA:199,0
DA:200,0
DA:203,0
DA:222,0
DA:223,0
DA:224,0
DA:243,0
DA:244,0
DA:245,0
DA:266,0
DA:267,0
DA:268,0
DA:269,0
DA:270,0
DA:277,0
DA:303,0
DA:304,0
LF:53
LH:29
BRDA:8,0,0,1
BRDA:8,0,1,0
BRDA:133,1,0,0
BRDA:133,1,1,0
BRDA:197,2,0,0
BRDA:197,3,0,0
BRDA:221,4,0,0
BRDA:221,5,0,0
BRDA:242,6,0,0
BRDA:242,7,0,0
BRDA:265,8,0,0
BRDA:265,9,0,0
BRDA:269,10,0,0
BRDA:269,10,1,0
BRF:14
BRH:1
end_of_record
